c:\users\alex\source\repos\tspp_lab7(fix)\tspp_lab7(fix)\debug\vc141.pdb
c:\users\alex\source\repos\tspp_lab7(fix)\tspp_lab7(fix)\debug\vc141.idb
c:\users\alex\source\repos\tspp_lab7(fix)\tspp_lab7(fix)\debug\user.obj
c:\users\alex\source\repos\tspp_lab7(fix)\tspp_lab7(fix)\debug\teacher.obj
c:\users\alex\source\repos\tspp_lab7(fix)\tspp_lab7(fix)\debug\subject.obj
c:\users\alex\source\repos\tspp_lab7(fix)\tspp_lab7(fix)\debug\studient.obj
c:\users\alex\source\repos\tspp_lab7(fix)\tspp_lab7(fix)\debug\source1.obj
c:\users\alex\source\repos\tspp_lab7(fix)\tspp_lab7(fix)\debug\performance.obj
c:\users\alex\source\repos\tspp_lab7(fix)\tspp_lab7(fix)\debug\methodist.obj
c:\users\alex\source\repos\tspp_lab7(fix)\tspp_lab7(fix)\debug\mark.obj
c:\users\alex\source\repos\tspp_lab7(fix)\tspp_lab7(fix)\debug\deansoffice.obj
c:\users\alex\source\repos\tspp_lab7(fix)\debug\tspp_lab7(fix).ilk
c:\users\alex\source\repos\tspp_lab7(fix)\debug\tspp_lab7(fix).exe
c:\users\alex\source\repos\tspp_lab7(fix)\debug\tspp_lab7(fix).pdb
c:\users\alex\source\repos\tspp_lab7_fix\tspp_lab7(fix)\debug\deansoffice.obj
c:\users\alex\source\repos\tspp_lab7_fix\tspp_lab7(fix)\debug\mark.obj
c:\users\alex\source\repos\tspp_lab7_fix\tspp_lab7(fix)\debug\methodist.obj
c:\users\alex\source\repos\tspp_lab7_fix\tspp_lab7(fix)\debug\performance.obj
c:\users\alex\source\repos\tspp_lab7_fix\tspp_lab7(fix)\debug\source1.obj
c:\users\alex\source\repos\tspp_lab7_fix\tspp_lab7(fix)\debug\studient.obj
c:\users\alex\source\repos\tspp_lab7_fix\tspp_lab7(fix)\debug\subject.obj
c:\users\alex\source\repos\tspp_lab7_fix\tspp_lab7(fix)\debug\teacher.obj
c:\users\alex\source\repos\tspp_lab7_fix\tspp_lab7(fix)\debug\user.obj
c:\users\alex\source\repos\tspp_lab7_fix\tspp_lab7(fix)\debug\vc141.idb
c:\users\alex\source\repos\tspp_lab7_fix\tspp_lab7(fix)\debug\vc141.pdb
c:\users\alex\source\repos\tspp_lab7_fix\debug\tspp_lab7(fix).pdb
c:\users\alex\source\repos\tspp_lab7_fix\debug\tspp_lab7(fix).exe
c:\users\alex\source\repos\tspp_lab7_fix\debug\tspp_lab7(fix).ilk
c:\users\alex\source\repos\tspp_lab7_fix\tspp_lab7(fix)\debug\tspp_lab7(fix).tlog\cl.command.1.tlog
c:\users\alex\source\repos\tspp_lab7_fix\tspp_lab7(fix)\debug\tspp_lab7(fix).tlog\cl.read.1.tlog
c:\users\alex\source\repos\tspp_lab7_fix\tspp_lab7(fix)\debug\tspp_lab7(fix).tlog\cl.write.1.tlog
c:\users\alex\source\repos\tspp_lab7_fix\tspp_lab7(fix)\debug\tspp_lab7(fix).tlog\link.command.1.tlog
c:\users\alex\source\repos\tspp_lab7_fix\tspp_lab7(fix)\debug\tspp_lab7(fix).tlog\link.read.1.tlog
c:\users\alex\source\repos\tspp_lab7_fix\tspp_lab7(fix)\debug\tspp_lab7(fix).tlog\link.write.1.tlog
